<?xml version="1.0" encoding="UTF-8"?>
<testng-results ignored="0" total="1" passed="1" failed="0" skipped="0">
  <reporter-output>
  </reporter-output>
  <suite started-at="2023-10-29T23:02:50 PDT" name="Default suite" finished-at="2023-10-29T23:02:55 PDT" duration-ms="5544">
    <groups>
    </groups>
    <test started-at="2023-10-29T23:02:50 PDT" name="Default test" finished-at="2023-10-29T23:02:55 PDT" duration-ms="5544">
      <class name="com.automation.tests.scripts.SalesforceAutomationScripts">
        <test-method is-config="true" signature="setupBeforeTest()[pri:0, instance:com.automation.tests.scripts.SalesforceAutomationScripts@78e4deb0]" started-at="2023-10-29T23:02:50 PDT" name="setupBeforeTest" finished-at="2023-10-29T23:02:50 PDT" duration-ms="425" status="PASS">
          <reporter-output>
          </reporter-output>
        </test-method> <!-- setupBeforeTest -->
        <test-method is-config="true" signature="setUpBeforeTestMethod(java.lang.String)[pri:0, instance:com.automation.tests.scripts.SalesforceAutomationScripts@78e4deb0]" started-at="2023-10-29T23:02:50 PDT" name="setUpBeforeTestMethod" finished-at="2023-10-29T23:02:54 PDT" duration-ms="3810" status="PASS">
          <params>
            <param index="0">
              <value>
                <![CDATA[chrome]]>
              </value>
            </param>
          </params>
          <reporter-output>
          </reporter-output>
        </test-method> <!-- setUpBeforeTestMethod -->
        <test-method signature="Testcase4b()[pri:0, instance:com.automation.tests.scripts.SalesforceAutomationScripts@78e4deb0]" started-at="2023-10-29T23:02:54 PDT" name="Testcase4b" finished-at="2023-10-29T23:02:55 PDT" duration-ms="1129" status="PASS">
          <reporter-output>
          </reporter-output>
        </test-method> <!-- Testcase4b -->
        <test-method is-config="true" signature="tearDownAfterTestMethod()[pri:0, instance:com.automation.tests.scripts.SalesforceAutomationScripts@78e4deb0]" started-at="2023-10-29T23:02:55 PDT" name="tearDownAfterTestMethod" finished-at="2023-10-29T23:02:55 PDT" duration-ms="137" status="PASS">
          <reporter-output>
          </reporter-output>
        </test-method> <!-- tearDownAfterTestMethod -->
      </class> <!-- com.automation.tests.scripts.SalesforceAutomationScripts -->
    </test> <!-- Default test -->
  </suite> <!-- Default suite -->
</testng-results>
